<?xml version="1.0" encoding="UTF-8"?>
<!-- Generated by org.testng.reporters.JUnitReportReporter -->
<testsuite skipped="0" hostname="Hp" name="ZoomCarBasic.underStandingTestNG" tests="9" failures="0" timestamp="23 Oct 2018 10:13:58 GMT" time="72.166" errors="0">
  <testcase name="Launchapp" time="14.889" classname="ZoomCarBasic.underStandingTestNG"/>
  <testcase name="LaunchURL" time="26.218" classname="ZoomCarBasic.underStandingTestNG"/>
  <testcase name="OpeningBrowser" time="0.004" classname="ZoomCarBasic.underStandingTestNG"/>
  <testcase name="WonderfulJourneyClick" time="12.660" classname="ZoomCarBasic.underStandingTestNG"/>
  <testcase name="FlightBooking" time="0.008" classname="ZoomCarBasic.underStandingTestNG"/>
  <testcase name="DatePicker" time="2.779" classname="ZoomCarBasic.underStandingTestNG"/>
  <testcase name="FlightCancel" time="0.003" classname="ZoomCarBasic.underStandingTestNG"/>
  <testcase name="nextclick" time="3.511" classname="ZoomCarBasic.underStandingTestNG"/>
  <testcase name="CarSelect" time="12.094" classname="ZoomCarBasic.underStandingTestNG"/>
</testsuite> <!-- ZoomCarBasic.underStandingTestNG -->
