<?xml version="1.0" encoding="UTF-8"?>
<!-- Generated by org.testng.reporters.JUnitReportReporter -->
<testsuite skipped="0" hostname="Hp" name="ZoomCarBasic.TestNG2" tests="8" failures="0" timestamp="23 Oct 2018 10:13:58 GMT" time="93.339" errors="0">
  <testcase name="Launchapp" time="15.945" classname="ZoomCarBasic.TestNG2"/>
  <testcase name="test1" time="0.004" classname="ZoomCarBasic.TestNG2"/>
  <testcase name="test1" time="0.006" classname="ZoomCarBasic.TestNG2"/>
  <testcase name="LaunchURL" time="38.210" classname="ZoomCarBasic.TestNG2"/>
  <testcase name="WonderfulJourneyClick" time="19.308" classname="ZoomCarBasic.TestNG2"/>
  <testcase name="DatePicker" time="2.877" classname="ZoomCarBasic.TestNG2"/>
  <testcase name="nextclick" time="4.012" classname="ZoomCarBasic.TestNG2"/>
  <testcase name="CarSelect" time="12.977" classname="ZoomCarBasic.TestNG2"/>
</testsuite> <!-- ZoomCarBasic.TestNG2 -->
