<?xml version="1.0" encoding="UTF-8"?>
<!-- Generated by org.testng.reporters.JUnitReportReporter -->
<testsuite skipped="0" hostname="Hp" name="ZoomCarBasic.DataNeededClass" tests="8" failures="0" timestamp="23 Oct 2018 12:15:11 GMT" time="0.072" errors="0">
  <testcase name="Dataprovider" time="0.005" classname="ZoomCarBasic.DataNeededClass"/>
  <testcase name="Dataprovider" time="0.004" classname="ZoomCarBasic.DataNeededClass"/>
  <testcase name="Dataprovider" time="0.002" classname="ZoomCarBasic.DataNeededClass"/>
  <testcase name="Dataprovider" time="0.007" classname="ZoomCarBasic.DataNeededClass"/>
  <testcase name="Dataprovider" time="0.044" classname="ZoomCarBasic.DataNeededClass"/>
  <testcase name="Dataprovider" time="0.004" classname="ZoomCarBasic.DataNeededClass"/>
  <testcase name="Dataprovider" time="0.003" classname="ZoomCarBasic.DataNeededClass"/>
  <testcase name="Dataprovider" time="0.003" classname="ZoomCarBasic.DataNeededClass"/>
</testsuite> <!-- ZoomCarBasic.DataNeededClass -->
